This is XeTeX, Version 3.14159265-2.6-0.99998 (TeX Live 2017/W32TeX) (preloaded format=xelatex 2018.3.14)  15 MAR 2018 18:03
entering extended mode
 restricted \write18 enabled.
 %&-line parsing enabled.
**./_main.tex
(./_main.tex
LaTeX2e <2017-04-15>
Babel <3.18> and hyphenation patterns for 3 language(s) loaded.
(c:/Users/laszlo/AppData/Roaming/TinyTeX/texmf-dist/tex/latex/base/book.cls
Document Class: book 2014/09/29 v1.4h Standard LaTeX document class
(c:/Users/laszlo/AppData/Roaming/TinyTeX/texmf-dist/tex/latex/base/bk10.clo
File: bk10.clo 2014/09/29 v1.4h Standard LaTeX file (size option)
)
\c@part=\count79
\c@chapter=\count80
\c@section=\count81
\c@subsection=\count82
\c@subsubsection=\count83
\c@paragraph=\count84
\c@subparagraph=\count85
\c@figure=\count86
\c@table=\count87
\abovecaptionskip=\skip41
\belowcaptionskip=\skip42
\bibindent=\dimen102
)
(c:/Users/laszlo/AppData/Roaming/TinyTeX/texmf-dist/tex/latex/lm/lmodern.sty
Package: lmodern 2009/10/30 v1.6 Latin Modern Fonts
LaTeX Font Info:    Overwriting symbol font `operators' in version `normal'
(Font)                  OT1/cmr/m/n --> OT1/lmr/m/n on input line 22.
LaTeX Font Info:    Overwriting symbol font `letters' in version `normal'
(Font)                  OML/cmm/m/it --> OML/lmm/m/it on input line 23.
LaTeX Font Info:    Overwriting symbol font `symbols' in version `normal'
(Font)                  OMS/cmsy/m/n --> OMS/lmsy/m/n on input line 24.
LaTeX Font Info:    Overwriting symbol font `largesymbols' in version `normal'
(Font)                  OMX/cmex/m/n --> OMX/lmex/m/n on input line 25.
LaTeX Font Info:    Overwriting symbol font `operators' in version `bold'
(Font)                  OT1/cmr/bx/n --> OT1/lmr/bx/n on input line 26.
LaTeX Font Info:    Overwriting symbol font `letters' in version `bold'
(Font)                  OML/cmm/b/it --> OML/lmm/b/it on input line 27.
LaTeX Font Info:    Overwriting symbol font `symbols' in version `bold'
(Font)                  OMS/cmsy/b/n --> OMS/lmsy/b/n on input line 28.
LaTeX Font Info:    Overwriting symbol font `largesymbols' in version `bold'
(Font)                  OMX/cmex/m/n --> OMX/lmex/m/n on input line 29.
LaTeX Font Info:    Overwriting math alphabet `\mathbf' in version `normal'
(Font)                  OT1/cmr/bx/n --> OT1/lmr/bx/n on input line 31.
LaTeX Font Info:    Overwriting math alphabet `\mathsf' in version `normal'
(Font)                  OT1/cmss/m/n --> OT1/lmss/m/n on input line 32.
LaTeX Font Info:    Overwriting math alphabet `\mathit' in version `normal'
(Font)                  OT1/cmr/m/it --> OT1/lmr/m/it on input line 33.
LaTeX Font Info:    Overwriting math alphabet `\mathtt' in version `normal'
(Font)                  OT1/cmtt/m/n --> OT1/lmtt/m/n on input line 34.
LaTeX Font Info:    Overwriting math alphabet `\mathbf' in version `bold'
(Font)                  OT1/cmr/bx/n --> OT1/lmr/bx/n on input line 35.
LaTeX Font Info:    Overwriting math alphabet `\mathsf' in version `bold'
(Font)                  OT1/cmss/bx/n --> OT1/lmss/bx/n on input line 36.
LaTeX Font Info:    Overwriting math alphabet `\mathit' in version `bold'
(Font)                  OT1/cmr/bx/it --> OT1/lmr/bx/it on input line 37.
LaTeX Font Info:    Overwriting math alphabet `\mathtt' in version `bold'
(Font)                  OT1/cmtt/m/n --> OT1/lmtt/m/n on input line 38.
)
(c:/Users/laszlo/AppData/Roaming/TinyTeX/texmf-dist/tex/latex/amsfonts/amssymb.
sty
Package: amssymb 2013/01/14 v3.01 AMS font symbols

(c:/Users/laszlo/AppData/Roaming/TinyTeX/texmf-dist/tex/latex/amsfonts/amsfonts
.sty
Package: amsfonts 2013/01/14 v3.01 Basic AMSFonts support
\@emptytoks=\toks14
\symAMSa=\mathgroup4
\symAMSb=\mathgroup5
LaTeX Font Info:    Overwriting math alphabet `\mathfrak' in version `bold'
(Font)                  U/euf/m/n --> U/euf/b/n on input line 106.
))
(c:/Users/laszlo/AppData/Roaming/TinyTeX/texmf-dist/tex/latex/amsmath/amsmath.s
ty
Package: amsmath 2017/09/02 v2.17a AMS math features
\@mathmargin=\skip43

For additional information on amsmath, use the `?' option.

(c:/Users/laszlo/AppData/Roaming/TinyTeX/texmf-dist/tex/latex/amsmath/amstext.s
ty
Package: amstext 2000/06/29 v2.01 AMS text

(c:/Users/laszlo/AppData/Roaming/TinyTeX/texmf-dist/tex/latex/amsmath/amsgen.st
y
File: amsgen.sty 1999/11/30 v2.0 generic functions
\@emptytoks=\toks15
\ex@=\dimen103
))
(c:/Users/laszlo/AppData/Roaming/TinyTeX/texmf-dist/tex/latex/amsmath/amsbsy.st
y
Package: amsbsy 1999/11/29 v1.2d Bold Symbols
\pmbraise@=\dimen104
)
(c:/Users/laszlo/AppData/Roaming/TinyTeX/texmf-dist/tex/latex/amsmath/amsopn.st
y
Package: amsopn 2016/03/08 v2.02 operator names
)
\inf@bad=\count88
LaTeX Info: Redefining \frac on input line 213.
\uproot@=\count89
\leftroot@=\count90
LaTeX Info: Redefining \overline on input line 375.
\classnum@=\count91
\DOTSCASE@=\count92
LaTeX Info: Redefining \ldots on input line 472.
LaTeX Info: Redefining \dots on input line 475.
LaTeX Info: Redefining \cdots on input line 596.
\Mathstrutbox@=\box26
\strutbox@=\box27
\big@size=\dimen105
LaTeX Font Info:    Redeclaring font encoding OML on input line 712.
LaTeX Font Info:    Redeclaring font encoding OMS on input line 713.
\macc@depth=\count93
\c@MaxMatrixCols=\count94
\dotsspace@=\muskip10
\c@parentequation=\count95
\dspbrk@lvl=\count96
\tag@help=\toks16
\row@=\count97
\column@=\count98
\maxfields@=\count99
\andhelp@=\toks17
\eqnshift@=\dimen106
\alignsep@=\dimen107
\tagshift@=\dimen108
\tagwidth@=\dimen109
\totwidth@=\dimen110
\lineht@=\dimen111
\@envbody=\toks18
\multlinegap=\skip44
\multlinetaggap=\skip45
\mathdisplay@stack=\toks19
LaTeX Info: Redefining \[ on input line 2817.
LaTeX Info: Redefining \] on input line 2818.
)
(c:/Users/laszlo/AppData/Roaming/TinyTeX/texmf-dist/tex/generic/ifxetex/ifxetex
.sty
Package: ifxetex 2010/09/12 v0.6 Provides ifxetex conditional
)
(c:/Users/laszlo/AppData/Roaming/TinyTeX/texmf-dist/tex/generic/oberdiek/ifluat
ex.sty
Package: ifluatex 2016/05/16 v1.4 Provides the ifluatex switch (HO)
Package ifluatex Info: LuaTeX not detected.
)
(c:/Users/laszlo/AppData/Roaming/TinyTeX/texmf-dist/tex/latex/base/fixltx2e.sty
Package: fixltx2e 2016/12/29 v2.1a fixes to LaTeX (obsolete)
Applying: [2015/01/01] Old fixltx2e package on input line 46.

Package fixltx2e Warning: fixltx2e is not required with releases after 2015
(fixltx2e)                All fixes are now in the LaTeX kernel.
(fixltx2e)                See the latexrelease package for details.

Already applied: [0000/00/00] Old fixltx2e package on input line 53.
)
(c:/Users/laszlo/AppData/Roaming/TinyTeX/texmf-dist/tex/xelatex/mathspec/mathsp
ec.sty
Package: mathspec 2016/12/22 v0.2b LaTeX Package (Mathematics font selection fo
r XeLaTeX)

(c:/Users/laszlo/AppData/Roaming/TinyTeX/texmf-dist/tex/latex/etoolbox/etoolbox
.sty
Package: etoolbox 2018/02/11 v2.5e e-TeX tools for LaTeX (JAW)
\etb@tempcnta=\count100
)
(c:/Users/laszlo/AppData/Roaming/TinyTeX/texmf-dist/tex/latex/fontspec/fontspec
.sty
(c:/Users/laszlo/AppData/Roaming/TinyTeX/texmf-dist/tex/latex/l3packages/xparse
/xparse.sty
(c:/Users/laszlo/AppData/Roaming/TinyTeX/texmf-dist/tex/latex/l3kernel/expl3.st
y
Package: expl3 2018/02/21 L3 programming layer (loader) 

(c:/Users/laszlo/AppData/Roaming/TinyTeX/texmf-dist/tex/latex/l3kernel/expl3-co
de.tex
Package: expl3 2018/02/21 L3 programming layer (code)
\c_max_int=\count101
\l_tmpa_int=\count102
\l_tmpb_int=\count103
\g_tmpa_int=\count104
\g_tmpb_int=\count105
\g__intarray_font_int=\count106
\g__prg_map_int=\count107
\c_log_iow=\count108
\l_iow_line_count_int=\count109
\l__iow_line_target_int=\count110
\l__iow_one_indent_int=\count111
\l__iow_indent_int=\count112
\c_zero_dim=\dimen112
\c_max_dim=\dimen113
\l_tmpa_dim=\dimen114
\l_tmpb_dim=\dimen115
\g_tmpa_dim=\dimen116
\g_tmpb_dim=\dimen117
\c_zero_skip=\skip46
\c_max_skip=\skip47
\l_tmpa_skip=\skip48
\l_tmpb_skip=\skip49
\g_tmpa_skip=\skip50
\g_tmpb_skip=\skip51
\c_zero_muskip=\muskip11
\c_max_muskip=\muskip12
\l_tmpa_muskip=\muskip13
\l_tmpb_muskip=\muskip14
\g_tmpa_muskip=\muskip15
\g_tmpb_muskip=\muskip16
\l_keys_choice_int=\count113
\c__fp_leading_shift_int=\count114
\c__fp_middle_shift_int=\count115
\c__fp_trailing_shift_int=\count116
\c__fp_big_leading_shift_int=\count117
\c__fp_big_middle_shift_int=\count118
\c__fp_big_trailing_shift_int=\count119
\c__fp_Bigg_leading_shift_int=\count120
\c__fp_Bigg_middle_shift_int=\count121
\c__fp_Bigg_trailing_shift_int=\count122
\l__sort_length_int=\count123
\l__sort_min_int=\count124
\l__sort_top_int=\count125
\l__sort_max_int=\count126
\l__sort_true_max_int=\count127
\l__sort_block_int=\count128
\l__sort_begin_int=\count129
\l__sort_end_int=\count130
\l__sort_A_int=\count131
\l__sort_B_int=\count132
\l__sort_C_int=\count133
\l__tl_build_start_index_int=\count134
\l__tl_build_index_int=\count135
\l__tl_analysis_normal_int=\count136
\l__tl_analysis_index_int=\count137
\l__tl_analysis_nesting_int=\count138
\l__tl_analysis_type_int=\count139
\l__regex_internal_a_int=\count140
\l__regex_internal_b_int=\count141
\l__regex_internal_c_int=\count142
\l__regex_balance_int=\count143
\l__regex_group_level_int=\count144
\l__regex_mode_int=\count145
\c__regex_cs_in_class_mode_int=\count146
\c__regex_cs_mode_int=\count147
\l__regex_catcodes_int=\count148
\l__regex_default_catcodes_int=\count149
\c__regex_catcode_L_int=\count150
\c__regex_catcode_O_int=\count151
\c__regex_catcode_A_int=\count152
\c__regex_all_catcodes_int=\count153
\l__regex_show_lines_int=\count154
\l__regex_min_state_int=\count155
\l__regex_max_state_int=\count156
\l__regex_left_state_int=\count157
\l__regex_right_state_int=\count158
\l__regex_capturing_group_int=\count159
\l__regex_min_pos_int=\count160
\l__regex_max_pos_int=\count161
\l__regex_curr_pos_int=\count162
\l__regex_start_pos_int=\count163
\l__regex_success_pos_int=\count164
\l__regex_curr_char_int=\count165
\l__regex_curr_catcode_int=\count166
\l__regex_last_char_int=\count167
\l__regex_case_changed_char_int=\count168
\l__regex_curr_state_int=\count169
\l__regex_step_int=\count170
\l__regex_min_active_int=\count171
\l__regex_max_active_int=\count172
\l__regex_replacement_csnames_int=\count173
\l__regex_match_count_int=\count174
\l__regex_min_submatch_int=\count175
\l__regex_submatch_int=\count176
\l__regex_zeroth_submatch_int=\count177
\g__regex_trace_regex_int=\count178
\c_empty_box=\box28
\l_tmpa_box=\box29
\l_tmpb_box=\box30
\g_tmpa_box=\box31
\g_tmpb_box=\box32
\l__box_top_dim=\dimen118
\l__box_bottom_dim=\dimen119
\l__box_left_dim=\dimen120
\l__box_right_dim=\dimen121
\l__box_top_new_dim=\dimen122
\l__box_bottom_new_dim=\dimen123
\l__box_left_new_dim=\dimen124
\l__box_right_new_dim=\dimen125
\l__box_internal_box=\box33
\l__coffin_internal_box=\box34
\l__coffin_internal_dim=\dimen126
\l__coffin_offset_x_dim=\dimen127
\l__coffin_offset_y_dim=\dimen128
\l__coffin_x_dim=\dimen129
\l__coffin_y_dim=\dimen130
\l__coffin_x_prime_dim=\dimen131
\l__coffin_y_prime_dim=\dimen132
\c_empty_coffin=\box35
\l__coffin_aligned_coffin=\box36
\l__coffin_aligned_internal_coffin=\box37
\l_tmpa_coffin=\box38
\l_tmpb_coffin=\box39
\l__coffin_display_coffin=\box40
\l__coffin_display_coord_coffin=\box41
\l__coffin_display_pole_coffin=\box42
\l__coffin_display_offset_dim=\dimen133
\l__coffin_display_x_dim=\dimen134
\l__coffin_display_y_dim=\dimen135
\l__coffin_bounding_shift_dim=\dimen136
\l__coffin_left_corner_dim=\dimen137
\l__coffin_right_corner_dim=\dimen138
\l__coffin_bottom_corner_dim=\dimen139
\l__coffin_top_corner_dim=\dimen140
\l__coffin_scaled_total_height_dim=\dimen141
\l__coffin_scaled_width_dim=\dimen142
)
(c:/Users/laszlo/AppData/Roaming/TinyTeX/texmf-dist/tex/latex/l3kernel/l3xdvipd
fmx.def
File: l3xdvidpfmx.def 2017/03/18 v L3 Experimental driver: xdvipdfmx
\g__driver_image_int=\count179
\l__driver_tmp_box=\box43
))
Package: xparse 2018/02/21 L3 Experimental document command parser
\l__xparse_current_arg_int=\count180
\g__xparse_grabber_int=\count181
\l__xparse_m_args_int=\count182
\l__xparse_mandatory_args_int=\count183
\l__xparse_v_nesting_int=\count184
)
Package: fontspec 2017/11/09 v2.6g Font selection for XeLaTeX and LuaLaTeX

(c:/Users/laszlo/AppData/Roaming/TinyTeX/texmf-dist/tex/latex/fontspec/fontspec
-xetex.sty
Package: fontspec-xetex 2017/11/09 v2.6g Font selection for XeLaTeX and LuaLaTe
X
\l__fontspec_script_int=\count185
\l__fontspec_language_int=\count186
\l__fontspec_strnum_int=\count187
\l__fontspec_tmp_int=\count188
\l__fontspec_em_int=\count189
\l__fontspec_emdef_int=\count190
\l__fontspec_strong_int=\count191
\l__fontspec_strongdef_int=\count192
\l__fontspec_tmpa_dim=\dimen143
\l__fontspec_tmpb_dim=\dimen144
\l__fontspec_tmpc_dim=\dimen145
\g__file_internal_ior=\read1

(c:/Users/laszlo/AppData/Roaming/TinyTeX/texmf-dist/tex/latex/base/fontenc.sty
Package: fontenc 2017/04/05 v2.0i Standard LaTeX package

(c:/Users/laszlo/AppData/Roaming/TinyTeX/texmf-dist/tex/latex/base/tuenc.def
File: tuenc.def 2017/04/05 v2.0i Standard LaTeX file
LaTeX Font Info:    Redeclaring font encoding TU on input line 82.
))
.................................................
. LaTeX info: "xparse/define-command"
. 
. Defining command \fontspec with sig. 'O{}mO{}' on line 542.
.................................................
.................................................
. LaTeX info: "xparse/define-command"
. 
. Defining command \setmainfont with sig. 'O{}mO{}' on line 546.
.................................................
.................................................
. LaTeX info: "xparse/define-command"
. 
. Defining command \setsansfont with sig. 'O{}mO{}' on line 550.
.................................................
.................................................
. LaTeX info: "xparse/define-command"
. 
. Defining command \setmonofont with sig. 'O{}mO{}' on line 554.
.................................................
.................................................
. LaTeX info: "xparse/define-command"
. 
. Defining command \setmathrm with sig. 'O{}mO{}' on line 558.
.................................................
.................................................
. LaTeX info: "xparse/define-command"
. 
. Defining command \setboldmathrm with sig. 'O{}mO{}' on line 562.
.................................................
.................................................
. LaTeX info: "xparse/define-command"
. 
. Defining command \setmathsf with sig. 'O{}mO{}' on line 566.
.................................................
.................................................
. LaTeX info: "xparse/define-command"
. 
. Defining command \setmathtt with sig. 'O{}mO{}' on line 570.
.................................................
.................................................
. LaTeX info: "xparse/define-command"
. 
. Defining command \setromanfont with sig. 'O{}mO{}' on line 574.
.................................................
.................................................
. LaTeX info: "xparse/define-command"
. 
. Defining command \newfontfamily with sig. 'mO{}mO{}' on line 578.
.................................................
.................................................
. LaTeX info: "xparse/define-command"
. 
. Defining command \newfontface with sig. 'mO{}mO{}' on line 582.
.................................................
.................................................
. LaTeX info: "xparse/define-command"
. 
. Defining command \defaultfontfeatures with sig. 't+om' on line 586.
.................................................
.................................................
. LaTeX info: "xparse/define-command"
. 
. Defining command \addfontfeatures with sig. 'm' on line 590.
.................................................
.................................................
. LaTeX info: "xparse/define-command"
. 
. Defining command \addfontfeature with sig. 'm' on line 594.
.................................................
.................................................
. LaTeX info: "xparse/define-command"
. 
. Defining command \newfontfeature with sig. 'mm' on line 598.
.................................................
.................................................
. LaTeX info: "xparse/define-command"
. 
. Defining command \newAATfeature with sig. 'mmmm' on line 602.
.................................................
.................................................
. LaTeX info: "xparse/define-command"
. 
. Defining command \newopentypefeature with sig. 'mmm' on line 606.
.................................................
.................................................
. LaTeX info: "xparse/define-command"
. 
. Defining command \newICUfeature with sig. 'mmm' on line 610.
.................................................
.................................................
. LaTeX info: "xparse/define-command"
. 
. Defining command \aliasfontfeature with sig. 'mm' on line 614.
.................................................
.................................................
. LaTeX info: "xparse/define-command"
. 
. Defining command \aliasfontfeatureoption with sig. 'mmm' on line 618.
.................................................
.................................................
. LaTeX info: "xparse/define-command"
. 
. Defining command \newfontscript with sig. 'mm' on line 622.
.................................................
.................................................
. LaTeX info: "xparse/define-command"
. 
. Defining command \newfontlanguage with sig. 'mm' on line 626.
.................................................
.................................................
. LaTeX info: "xparse/define-command"
. 
. Defining command \DeclareFontsExtensions with sig. 'm' on line 630.
.................................................
.................................................
. LaTeX info: "xparse/define-command"
. 
. Defining command \IfFontFeatureActiveTF with sig. 'mmm' on line 634.
.................................................
.................................................
. LaTeX info: "xparse/define-command"
. 
. Defining command \EncodingCommand with sig. 'mO{}m' on line 3632.
.................................................
.................................................
. LaTeX info: "xparse/define-command"
. 
. Defining command \EncodingAccent with sig. 'mm' on line 3638.
.................................................
.................................................
. LaTeX info: "xparse/define-command"
. 
. Defining command \EncodingSymbol with sig. 'mm' on line 3644.
.................................................
.................................................
. LaTeX info: "xparse/define-command"
. 
. Defining command \EncodingComposite with sig. 'mmm' on line 3650.
.................................................
.................................................
. LaTeX info: "xparse/define-command"
. 
. Defining command \EncodingCompositeCommand with sig. 'mmm' on line 3656.
.................................................
.................................................
. LaTeX info: "xparse/define-command"
. 
. Defining command \DeclareUnicodeEncoding with sig. 'mm' on line 3681.
.................................................
.................................................
. LaTeX info: "xparse/define-command"
. 
. Defining command \UndeclareSymbol with sig. 'm' on line 3687.
.................................................
.................................................
. LaTeX info: "xparse/define-command"
. 
. Defining command \UndeclareAccent with sig. 'm' on line 3693.
.................................................
.................................................
. LaTeX info: "xparse/define-command"
. 
. Defining command \UndeclareCommand with sig. 'm' on line 3699.
.................................................
.................................................
. LaTeX info: "xparse/define-command"
. 
. Defining command \UndeclareComposite with sig. 'mm' on line 3706.
.................................................

(c:/Users/laszlo/AppData/Roaming/TinyTeX/texmf-dist/tex/latex/fontspec/fontspec
.cfg)
LaTeX Info: Redefining \itshape on input line 3891.
LaTeX Info: Redefining \slshape on input line 3896.
LaTeX Info: Redefining \scshape on input line 3901.
LaTeX Info: Redefining \upshape on input line 3906.
LaTeX Info: Redefining \em on input line 3936.
LaTeX Info: Redefining \emph on input line 3961.
LaTeX Info: Redefining \- on input line 4015.
.................................................
. LaTeX info: "xparse/redefine-command"
. 
. Redefining command \oldstylenums with sig. 'm' on line 4110.
.................................................
.................................................
. LaTeX info: "xparse/define-command"
. 
. Defining command \liningnums with sig. 'm' on line 4114.
.................................................
))
(c:/Users/laszlo/AppData/Roaming/TinyTeX/texmf-dist/tex/latex/xkeyval/xkeyval.s
ty
Package: xkeyval 2014/12/03 v2.7a package option processing (HA)

(c:/Users/laszlo/AppData/Roaming/TinyTeX/texmf-dist/tex/generic/xkeyval/xkeyval
.tex
(c:/Users/laszlo/AppData/Roaming/TinyTeX/texmf-dist/tex/generic/xkeyval/xkvutil
s.tex
\XKV@toks=\toks20
\XKV@tempa@toks=\toks21

(c:/Users/laszlo/AppData/Roaming/TinyTeX/texmf-dist/tex/generic/xkeyval/keyval.
tex))
\XKV@depth=\count193
File: xkeyval.tex 2014/12/03 v2.7a key=value parser (HA)
))
\c@eu@=\count194
\c@eu@i=\count195
\c@mkern=\count196
)
(c:/Users/laszlo/AppData/Roaming/TinyTeX/texmf-dist/tex/latex/upquote/upquote.s
ty
Package: upquote 2012/04/19 v1.3 upright-quote and grave-accent glyphs in verba
tim

(c:/Users/laszlo/AppData/Roaming/TinyTeX/texmf-dist/tex/latex/base/textcomp.sty
Package: textcomp 2017/04/05 v2.0i Standard LaTeX package
Package textcomp Info: Sub-encoding information:
(textcomp)               5 = only ISO-Adobe without \textcurrency
(textcomp)               4 = 5 + \texteuro
(textcomp)               3 = 4 + \textohm
(textcomp)               2 = 3 + \textestimated + \textcurrency
(textcomp)               1 = TS1 - \textcircled - \t
(textcomp)               0 = TS1 (full)
(textcomp)             Font families with sub-encoding setting implement
(textcomp)             only a restricted character set as indicated.
(textcomp)             Family '?' is the default used for unknown fonts.
(textcomp)             See the documentation for details.
Package textcomp Info: Setting ? sub-encoding to TS1/1 on input line 79.
(c:/Users/laszlo/AppData/Roaming/TinyTeX/texmf-dist/tex/latex/base/ts1enc.def
File: ts1enc.def 2001/06/05 v3.0e (jk/car/fm) Standard LaTeX file
)
LaTeX Info: Redefining \oldstylenums on input line 334.
Package textcomp Info: Setting cmr sub-encoding to TS1/0 on input line 349.
Package textcomp Info: Setting cmss sub-encoding to TS1/0 on input line 350.
Package textcomp Info: Setting cmtt sub-encoding to TS1/0 on input line 351.
Package textcomp Info: Setting cmvtt sub-encoding to TS1/0 on input line 352.
Package textcomp Info: Setting cmbr sub-encoding to TS1/0 on input line 353.
Package textcomp Info: Setting cmtl sub-encoding to TS1/0 on input line 354.
Package textcomp Info: Setting ccr sub-encoding to TS1/0 on input line 355.
Package textcomp Info: Setting ptm sub-encoding to TS1/4 on input line 356.
Package textcomp Info: Setting pcr sub-encoding to TS1/4 on input line 357.
Package textcomp Info: Setting phv sub-encoding to TS1/4 on input line 358.
Package textcomp Info: Setting ppl sub-encoding to TS1/3 on input line 359.
Package textcomp Info: Setting pag sub-encoding to TS1/4 on input line 360.
Package textcomp Info: Setting pbk sub-encoding to TS1/4 on input line 361.
Package textcomp Info: Setting pnc sub-encoding to TS1/4 on input line 362.
Package textcomp Info: Setting pzc sub-encoding to TS1/4 on input line 363.
Package textcomp Info: Setting bch sub-encoding to TS1/4 on input line 364.
Package textcomp Info: Setting put sub-encoding to TS1/5 on input line 365.
Package textcomp Info: Setting uag sub-encoding to TS1/5 on input line 366.
Package textcomp Info: Setting ugq sub-encoding to TS1/5 on input line 367.
Package textcomp Info: Setting ul8 sub-encoding to TS1/4 on input line 368.
Package textcomp Info: Setting ul9 sub-encoding to TS1/4 on input line 369.
Package textcomp Info: Setting augie sub-encoding to TS1/5 on input line 370.
Package textcomp Info: Setting dayrom sub-encoding to TS1/3 on input line 371.
Package textcomp Info: Setting dayroms sub-encoding to TS1/3 on input line 372.

Package textcomp Info: Setting pxr sub-encoding to TS1/0 on input line 373.
Package textcomp Info: Setting pxss sub-encoding to TS1/0 on input line 374.
Package textcomp Info: Setting pxtt sub-encoding to TS1/0 on input line 375.
Package textcomp Info: Setting txr sub-encoding to TS1/0 on input line 376.
Package textcomp Info: Setting txss sub-encoding to TS1/0 on input line 377.
Package textcomp Info: Setting txtt sub-encoding to TS1/0 on input line 378.
Package textcomp Info: Setting lmr sub-encoding to TS1/0 on input line 379.
Package textcomp Info: Setting lmdh sub-encoding to TS1/0 on input line 380.
Package textcomp Info: Setting lmss sub-encoding to TS1/0 on input line 381.
Package textcomp Info: Setting lmssq sub-encoding to TS1/0 on input line 382.
Package textcomp Info: Setting lmvtt sub-encoding to TS1/0 on input line 383.
Package textcomp Info: Setting lmtt sub-encoding to TS1/0 on input line 384.
Package textcomp Info: Setting qhv sub-encoding to TS1/0 on input line 385.
Package textcomp Info: Setting qag sub-encoding to TS1/0 on input line 386.
Package textcomp Info: Setting qbk sub-encoding to TS1/0 on input line 387.
Package textcomp Info: Setting qcr sub-encoding to TS1/0 on input line 388.
Package textcomp Info: Setting qcs sub-encoding to TS1/0 on input line 389.
Package textcomp Info: Setting qpl sub-encoding to TS1/0 on input line 390.
Package textcomp Info: Setting qtm sub-encoding to TS1/0 on input line 391.
Package textcomp Info: Setting qzc sub-encoding to TS1/0 on input line 392.
Package textcomp Info: Setting qhvc sub-encoding to TS1/0 on input line 393.
Package textcomp Info: Setting futs sub-encoding to TS1/4 on input line 394.
Package textcomp Info: Setting futx sub-encoding to TS1/4 on input line 395.
Package textcomp Info: Setting futj sub-encoding to TS1/4 on input line 396.
Package textcomp Info: Setting hlh sub-encoding to TS1/3 on input line 397.
Package textcomp Info: Setting hls sub-encoding to TS1/3 on input line 398.
Package textcomp Info: Setting hlst sub-encoding to TS1/3 on input line 399.
Package textcomp Info: Setting hlct sub-encoding to TS1/5 on input line 400.
Package textcomp Info: Setting hlx sub-encoding to TS1/5 on input line 401.
Package textcomp Info: Setting hlce sub-encoding to TS1/5 on input line 402.
Package textcomp Info: Setting hlcn sub-encoding to TS1/5 on input line 403.
Package textcomp Info: Setting hlcw sub-encoding to TS1/5 on input line 404.
Package textcomp Info: Setting hlcf sub-encoding to TS1/5 on input line 405.
Package textcomp Info: Setting pplx sub-encoding to TS1/3 on input line 406.
Package textcomp Info: Setting pplj sub-encoding to TS1/3 on input line 407.
Package textcomp Info: Setting ptmx sub-encoding to TS1/4 on input line 408.
Package textcomp Info: Setting ptmj sub-encoding to TS1/4 on input line 409.
))
(c:/Users/laszlo/AppData/Roaming/TinyTeX/texmf-dist/tex/latex/geometry/geometry
.sty
Package: geometry 2010/09/12 v5.6 Page Geometry

(c:/Users/laszlo/AppData/Roaming/TinyTeX/texmf-dist/tex/generic/oberdiek/ifpdf.
sty
Package: ifpdf 2017/03/15 v3.2 Provides the ifpdf switch
)
(c:/Users/laszlo/AppData/Roaming/TinyTeX/texmf-dist/tex/generic/oberdiek/ifvtex
.sty
Package: ifvtex 2016/05/16 v1.6 Detect VTeX and its facilities (HO)
Package ifvtex Info: VTeX not detected.
)
\Gm@cnth=\count197
\Gm@cntv=\count198
\c@Gm@tempcnt=\count199
\Gm@bindingoffset=\dimen146
\Gm@wd@mp=\dimen147
\Gm@odd@mp=\dimen148
\Gm@even@mp=\dimen149
\Gm@layoutwidth=\dimen150
\Gm@layoutheight=\dimen151
\Gm@layouthoffset=\dimen152
\Gm@layoutvoffset=\dimen153
\Gm@dimlist=\toks22
)
(c:/Users/laszlo/AppData/Roaming/TinyTeX/texmf-dist/tex/latex/hyperref/hyperref
.sty
Package: hyperref 2018/02/06 v6.86b Hypertext links for LaTeX

(c:/Users/laszlo/AppData/Roaming/TinyTeX/texmf-dist/tex/generic/oberdiek/hobsub
-hyperref.sty
Package: hobsub-hyperref 2016/05/16 v1.14 Bundle oberdiek, subset hyperref (HO)


(c:/Users/laszlo/AppData/Roaming/TinyTeX/texmf-dist/tex/generic/oberdiek/hobsub
-generic.sty
Package: hobsub-generic 2016/05/16 v1.14 Bundle oberdiek, subset generic (HO)
Package: hobsub 2016/05/16 v1.14 Construct package bundles (HO)
Package: infwarerr 2016/05/16 v1.4 Providing info/warning/error messages (HO)
Package: ltxcmds 2016/05/16 v1.23 LaTeX kernel commands for general use (HO)
Package hobsub Info: Skipping package `ifluatex' (already loaded).
Package hobsub Info: Skipping package `ifvtex' (already loaded).
Package: intcalc 2016/05/16 v1.2 Expandable calculations with integers (HO)
Package hobsub Info: Skipping package `ifpdf' (already loaded).
Package: etexcmds 2016/05/16 v1.6 Avoid name clashes with e-TeX commands (HO)
Package etexcmds Info: Could not find \expanded.
(etexcmds)             That can mean that you are not using pdfTeX 1.50 or
(etexcmds)             that some package has redefined \expanded.
(etexcmds)             In the latter case, load this package earlier.
Package: kvsetkeys 2016/05/16 v1.17 Key value parser (HO)
Package: kvdefinekeys 2016/05/16 v1.4 Define keys (HO)
Package: pdftexcmds 2018/01/21 v0.26 Utility functions of pdfTeX for LuaTeX (HO
)
Package pdftexcmds Info: LuaTeX not detected.
Package pdftexcmds Info: pdfTeX >= 1.30 not detected.
Package pdftexcmds Info: \pdf@primitive is available.
Package pdftexcmds Info: \pdf@ifprimitive is available.
Package pdftexcmds Info: \pdfdraftmode not found.
Package: pdfescape 2016/05/16 v1.14 Implements pdfTeX's escape features (HO)
Package: bigintcalc 2016/05/16 v1.4 Expandable calculations on big integers (HO
)
Package: bitset 2016/05/16 v1.2 Handle bit-vector datatype (HO)
Package: uniquecounter 2016/05/16 v1.3 Provide unlimited unique counter (HO)
)
Package hobsub Info: Skipping package `hobsub' (already loaded).
Package: letltxmacro 2016/05/16 v1.5 Let assignment for LaTeX macros (HO)
Package: hopatch 2016/05/16 v1.3 Wrapper for package hooks (HO)
Package: xcolor-patch 2016/05/16 xcolor patch
Package: atveryend 2016/05/16 v1.9 Hooks at the very end of document (HO)
Package: atbegshi 2016/06/09 v1.18 At begin shipout hook (HO)
Package: refcount 2016/05/16 v3.5 Data extraction from label references (HO)
Package: hycolor 2016/05/16 v1.8 Color options for hyperref/bookmark (HO)
)
(c:/Users/laszlo/AppData/Roaming/TinyTeX/texmf-dist/tex/latex/oberdiek/auxhook.
sty
Package: auxhook 2016/05/16 v1.4 Hooks for auxiliary files (HO)
)
(c:/Users/laszlo/AppData/Roaming/TinyTeX/texmf-dist/tex/latex/oberdiek/kvoption
s.sty
Package: kvoptions 2016/05/16 v3.12 Key value format for package options (HO)
)
\@linkdim=\dimen154
\Hy@linkcounter=\count266
\Hy@pagecounter=\count267

(c:/Users/laszlo/AppData/Roaming/TinyTeX/texmf-dist/tex/latex/hyperref/pd1enc.d
ef
File: pd1enc.def 2018/02/06 v6.86b Hyperref: PDFDocEncoding definition (HO)
)
\Hy@SavedSpaceFactor=\count268

(c:/Users/laszlo/AppData/Roaming/TinyTeX/texmf-dist/tex/latex/latexconfig/hyper
ref.cfg
File: hyperref.cfg 2002/06/06 v1.2 hyperref configuration of TeXLive
)
Package hyperref Info: Hyper figures OFF on input line 4509.
Package hyperref Info: Link nesting OFF on input line 4514.
Package hyperref Info: Hyper index ON on input line 4517.
Package hyperref Info: Plain pages OFF on input line 4524.
Package hyperref Info: Backreferencing OFF on input line 4529.
Package hyperref Info: Implicit mode ON; LaTeX internals redefined.
Package hyperref Info: Bookmarks ON on input line 4762.
\c@Hy@tempcnt=\count269

(c:/Users/laszlo/AppData/Roaming/TinyTeX/texmf-dist/tex/latex/url/url.sty
\Urlmuskip=\muskip17
Package: url 2013/09/16  ver 3.4  Verb mode for urls, etc.
)
LaTeX Info: Redefining \url on input line 5115.
\XeTeXLinkMargin=\dimen155
\Fld@menulength=\count270
\Field@Width=\dimen156
\Fld@charsize=\dimen157
Package hyperref Info: Hyper figures OFF on input line 6369.
Package hyperref Info: Link nesting OFF on input line 6374.
Package hyperref Info: Hyper index ON on input line 6377.
Package hyperref Info: backreferencing OFF on input line 6384.
Package hyperref Info: Link coloring OFF on input line 6389.
Package hyperref Info: Link coloring with OCG OFF on input line 6394.
Package hyperref Info: PDF/A mode OFF on input line 6399.
LaTeX Info: Redefining \ref on input line 6439.
LaTeX Info: Redefining \pageref on input line 6443.
\Hy@abspage=\count271
\c@Item=\count272
\c@Hfootnote=\count273
)
Package hyperref Info: Driver (autodetected): hxetex.

(c:/Users/laszlo/AppData/Roaming/TinyTeX/texmf-dist/tex/latex/hyperref/hxetex.d
ef
File: hxetex.def 2018/02/06 v6.86b Hyperref driver for XeTeX

(c:/Users/laszlo/AppData/Roaming/TinyTeX/texmf-dist/tex/latex/hyperref/puenc.de
f
File: puenc.def 2018/02/06 v6.86b Hyperref: PDF Unicode definition (HO)
)
(c:/Users/laszlo/AppData/Roaming/TinyTeX/texmf-dist/tex/generic/oberdiek/string
enc.sty
Package: stringenc 2016/05/16 v1.11 Convert strings between diff. encodings (HO
)
)
\pdfm@box=\box44
\c@Hy@AnnotLevel=\count274
\HyField@AnnotCount=\count275
\Fld@listcount=\count276
\c@bookmark@seq@number=\count277

(c:/Users/laszlo/AppData/Roaming/TinyTeX/texmf-dist/tex/latex/oberdiek/rerunfil
echeck.sty
Package: rerunfilecheck 2016/05/16 v1.8 Rerun checks for auxiliary files (HO)
Package rerunfilecheck Info: Feature \pdfmdfivesum is not available
(rerunfilecheck)             (e.g. pdfTeX or LuaTeX with package `pdftexcmds').

(rerunfilecheck)             Therefore file contents cannot be checked efficien
tly
(rerunfilecheck)             and the loading of the package is aborted.
)
\Hy@SectionHShift=\skip52
)
Package hyperref Info: Option `unicode' set `true' on input line 30.

(c:/Users/laszlo/AppData/Roaming/TinyTeX/texmf-dist/tex/generic/oberdiek/se-asc
ii-print.def
File: se-ascii-print.def 2016/05/16 v1.11 stringenc: Printable ASCII characters

)
Package hyperref Info: Option `breaklinks' set `true' on input line 30.

(c:/Users/laszlo/AppData/Roaming/TinyTeX/texmf-dist/tex/latex/natbib/natbib.sty
Package: natbib 2010/09/13 8.31b (PWD, AO)
\bibhang=\skip53
\bibsep=\skip54
LaTeX Info: Redefining \cite on input line 694.
\c@NAT@ctr=\count278
)
(c:/Users/laszlo/AppData/Roaming/TinyTeX/texmf-dist/tex/latex/tools/longtable.s
ty
Package: longtable 2014/10/28 v4.11 Multi-page Table package (DPC)
\LTleft=\skip55
\LTright=\skip56
\LTpre=\skip57
\LTpost=\skip58
\LTchunksize=\count279
\LTcapwidth=\dimen158
\LT@head=\box45
\LT@firsthead=\box46
\LT@foot=\box47
\LT@lastfoot=\box48
\LT@cols=\count280
\LT@rows=\count281
\c@LT@tables=\count282
\c@LT@chunks=\count283
\LT@p@ftn=\toks23
)
(c:/Users/laszlo/AppData/Roaming/TinyTeX/texmf-dist/tex/latex/booktabs/booktabs
.sty
Package: booktabs 2016/04/27 v1.618033 publication quality tables
\heavyrulewidth=\dimen159
\lightrulewidth=\dimen160
\cmidrulewidth=\dimen161
\belowrulesep=\dimen162
\belowbottomsep=\dimen163
\aboverulesep=\dimen164
\abovetopsep=\dimen165
\cmidrulesep=\dimen166
\cmidrulekern=\dimen167
\defaultaddspace=\dimen168
\@cmidla=\count284
\@cmidlb=\count285
\@aboverulesep=\dimen169
\@belowrulesep=\dimen170
\@thisruleclass=\count286
\@lastruleclass=\count287
\@thisrulewidth=\dimen171
)
(c:/Users/laszlo/AppData/Roaming/TinyTeX/texmf-dist/tex/latex/graphics/graphicx
.sty
Package: graphicx 2017/06/01 v1.1a Enhanced LaTeX Graphics (DPC,SPQR)

(c:/Users/laszlo/AppData/Roaming/TinyTeX/texmf-dist/tex/latex/graphics/graphics
.sty
Package: graphics 2017/06/25 v1.2c Standard LaTeX Graphics (DPC,SPQR)

(c:/Users/laszlo/AppData/Roaming/TinyTeX/texmf-dist/tex/latex/graphics/trig.sty
Package: trig 2016/01/03 v1.10 sin cos tan (DPC)
)
(c:/Users/laszlo/AppData/Roaming/TinyTeX/texmf-dist/tex/latex/graphics-cfg/grap
hics.cfg
File: graphics.cfg 2016/06/04 v1.11 sample graphics configuration
)
Package graphics Info: Driver file: xetex.def on input line 99.

(c:/Users/laszlo/AppData/Roaming/TinyTeX/texmf-dist/tex/latex/graphics-def/xete
x.def
File: xetex.def 2017/06/24 v5.0h Graphics/color driver for xetex
))
\Gin@req@height=\dimen172
\Gin@req@width=\dimen173
)
(c:/Users/laszlo/AppData/Roaming/TinyTeX/texmf-dist/tex/latex/oberdiek/grffile.
sty
Package: grffile 2017/06/30 v1.18 Extended file name support for graphics (HO)
Package grffile Info: Option `multidot' is set to `true'.
Package grffile Info: Option `extendedchars' is set to `false'.
Package grffile Info: Option `space' is set to `true'.
Package grffile Info: \Gin@ii of package `graphicx' fixed on input line 494.
)
(c:/Users/laszlo/AppData/Roaming/TinyTeX/texmf-dist/tex/latex/titling/titling.s
ty
Package: titling 2009/09/04 v2.1d maketitle typesetting
\thanksmarkwidth=\skip59
\thanksmargin=\skip60
\droptitle=\skip61
)
(c:/Users/laszlo/AppData/Roaming/TinyTeX/texmf-dist/tex/latex/amscls/amsthm.sty
Package: amsthm 2017/10/31 v2.20.4
\thm@style=\toks24
\thm@bodyfont=\toks25
\thm@headfont=\toks26
\thm@notefont=\toks27
\thm@headpunct=\toks28
\thm@preskip=\skip62
\thm@postskip=\skip63
\thm@headsep=\skip64
\dth@everypar=\toks29
)
(c:/Users/laszlo/AppData/Roaming/TinyTeX/texmf-dist/tex/latex/tools/tabularx.st
y
Package: tabularx 2016/02/03 v2.11 `tabularx' package (DPC)
 (c:/Users/laszlo/AppData/Roaming/TinyTeX/texmf-dist/tex/latex/tools/array.sty
Package: array 2016/10/06 v2.4d Tabular extension package (FMi)
\col@sep=\dimen174
\extrarowheight=\dimen175
\NC@list=\toks30
\extratabsurround=\skip65
\backup@length=\skip66
)
\TX@col@width=\dimen176
\TX@old@table=\dimen177
\TX@old@col=\dimen178
\TX@target=\dimen179
\TX@delta=\dimen180
\TX@cols=\count288
\TX@ftn=\toks31
)
(c:/Users/laszlo/AppData/Roaming/TinyTeX/texmf-dist/tex/latex/caption/caption.s
ty
Package: caption 2016/02/21 v3.3-144 Customizing captions (AR)

(c:/Users/laszlo/AppData/Roaming/TinyTeX/texmf-dist/tex/latex/caption/caption3.
sty
Package: caption3 2016/05/22 v1.7-166 caption3 kernel (AR)
Package caption3 Info: TeX engine: e-TeX on input line 67.
\captionmargin=\dimen181
\captionmargin@=\dimen182
\captionwidth=\dimen183
\caption@tempdima=\dimen184
\caption@indent=\dimen185
\caption@parindent=\dimen186
\caption@hangindent=\dimen187
)
\c@ContinuedFloat=\count289
Package caption Info: hyperref package is loaded.
Package caption Info: longtable package is loaded.

(c:/Users/laszlo/AppData/Roaming/TinyTeX/texmf-dist/tex/latex/caption/ltcaption
.sty
Package: ltcaption 2013/06/09 v1.4-94 longtable captions (AR)
))
(c:/Users/laszlo/AppData/Roaming/TinyTeX/texmf-dist/tex/latex/oberdiek/pdflscap
e.sty
Package: pdflscape 2016/05/14 v0.11 Display of landscape pages in PDF (HO)

(c:/Users/laszlo/AppData/Roaming/TinyTeX/texmf-dist/tex/latex/graphics/lscape.s
ty
Package: lscape 2000/10/22 v3.01 Landscape Pages (DPC)
)
Package pdflscape Info: Auto-detected driver: dvipdfm (xetex) on input line 99.

)
Package hyperref Info: Option `colorlinks' set `true' on input line 103.
\c@theorem=\count290
\c@lemma=\count291
\c@definition=\count292
\c@corollary=\count293
\c@proposition=\count294
\c@example=\count295
\c@exercise=\count296

No file _main.aux.
\openout1 = `_main.aux'.

LaTeX Font Info:    Checking defaults for OML/cmm/m/it on input line 122.
LaTeX Font Info:    ... okay on input line 122.
LaTeX Font Info:    Checking defaults for T1/cmr/m/n on input line 122.
LaTeX Font Info:    ... okay on input line 122.
LaTeX Font Info:    Checking defaults for OT1/cmr/m/n on input line 122.
LaTeX Font Info:    ... okay on input line 122.
LaTeX Font Info:    Checking defaults for OMS/cmsy/m/n on input line 122.
LaTeX Font Info:    ... okay on input line 122.
LaTeX Font Info:    Checking defaults for TU/lmr/m/n on input line 122.
LaTeX Font Info:    ... okay on input line 122.
LaTeX Font Info:    Checking defaults for OMX/cmex/m/n on input line 122.
LaTeX Font Info:    ... okay on input line 122.
LaTeX Font Info:    Checking defaults for U/cmr/m/n on input line 122.
LaTeX Font Info:    ... okay on input line 122.
LaTeX Font Info:    Checking defaults for TS1/cmr/m/n on input line 122.
LaTeX Font Info:    Try loading font information for TS1+cmr on input line 122.

(c:/Users/laszlo/AppData/Roaming/TinyTeX/texmf-dist/tex/latex/base/ts1cmr.fd
File: ts1cmr.fd 2014/09/29 v2.5h Standard LaTeX font definitions
)
LaTeX Font Info:    ... okay on input line 122.
LaTeX Font Info:    Checking defaults for PD1/pdf/m/n on input line 122.
LaTeX Font Info:    ... okay on input line 122.
LaTeX Font Info:    Checking defaults for PU/pdf/m/n on input line 122.
LaTeX Font Info:    ... okay on input line 122.

*geometry* driver: auto-detecting
*geometry* detected driver: xetex
*geometry* verbose mode - [ preamble ] result:
* driver: xetex
* paper: <default>
* layout: <same size as paper>
* layoutoffset:(h,v)=(0.0pt,0.0pt)
* modes: twoside 
* h-part:(L,W,R)=(72.26999pt, 469.75502pt, 72.26999pt)
* v-part:(T,H,B)=(72.26999pt, 650.43001pt, 72.26999pt)
* \paperwidth=614.295pt
* \paperheight=794.96999pt
* \textwidth=469.75502pt
* \textheight=650.43001pt
* \oddsidemargin=0.0pt
* \evensidemargin=0.0pt
* \topmargin=-30.06749pt
* \headheight=12.0pt
* \headsep=18.06749pt
* \topskip=10.0pt
* \footskip=25.29494pt
* \marginparwidth=125.0pt
* \marginparsep=7.0pt
* \columnsep=10.0pt
* \skip\footins=9.0pt plus 4.0pt minus 2.0pt
* \hoffset=0.0pt
* \voffset=0.0pt
* \mag=1000
* \@twocolumnfalse
* \@twosidetrue
* \@mparswitchtrue
* \@reversemarginfalse
* (1in=72.27pt=25.4mm, 1cm=28.453pt)

\AtBeginShipoutBox=\box49

(c:/Users/laszlo/AppData/Roaming/TinyTeX/texmf-dist/tex/latex/graphics/color.st
y
Package: color 2016/07/10 v1.1e Standard LaTeX Color (DPC)
LaTeX Info: Redefining \color on input line 86.

(c:/Users/laszlo/AppData/Roaming/TinyTeX/texmf-dist/tex/latex/graphics-cfg/colo
r.cfg
File: color.cfg 2016/01/02 v1.6 sample color configuration
)
Package color Info: Driver file: xetex.def on input line 147.
)
Package hyperref Info: Link coloring ON on input line 122.

(c:/Users/laszlo/AppData/Roaming/TinyTeX/texmf-dist/tex/latex/hyperref/nameref.
sty
Package: nameref 2016/05/21 v2.44 Cross-referencing by name of section

(c:/Users/laszlo/AppData/Roaming/TinyTeX/texmf-dist/tex/generic/oberdiek/gettit
lestring.sty
Package: gettitlestring 2016/05/16 v1.5 Cleanup title references (HO)
)
\c@section@level=\count297
)
LaTeX Info: Redefining \ref on input line 122.
LaTeX Info: Redefining \pageref on input line 122.
LaTeX Info: Redefining \nameref on input line 122.
\@outlinefile=\write3
\openout3 = `_main.out'.



Package hyperref Warning: Rerun to get /PageLabels entry.

Package caption Info: Begin \AtBeginDocument code.
Package caption Info: End \AtBeginDocument code.
[1


]
\tf@toc=\write4
\openout4 = `_main.toc'.

 [2

] [3

]
Chapter 1.

Package natbib Warning: Citation `bg04' on page 4 undefined on input line 164.


Package natbib Warning: Citation `pst17L' on page 4 undefined on input line 168
.


Package natbib Warning: Citation `bbl17' on page 4 undefined on input line 172.



Package natbib Warning: Citation `cp09' on page 4 undefined on input line 174.


Package natbib Warning: Citation `ksz05' on page 4 undefined on input line 175.



Package natbib Warning: Citation `ps12' on page 4 undefined on input line 179.

LaTeX Font Info:    Try loading font information for OT1+lmr on input line 193.

(c:/Users/laszlo/AppData/Roaming/TinyTeX/texmf-dist/tex/latex/lm/ot1lmr.fd
File: ot1lmr.fd 2009/10/30 v1.6 Font defs for Latin Modern
)
LaTeX Font Info:    Try loading font information for OML+lmm on input line 193.


(c:/Users/laszlo/AppData/Roaming/TinyTeX/texmf-dist/tex/latex/lm/omllmm.fd
File: omllmm.fd 2009/10/30 v1.6 Font defs for Latin Modern
)
LaTeX Font Info:    Try loading font information for OMS+lmsy on input line 193
.

(c:/Users/laszlo/AppData/Roaming/TinyTeX/texmf-dist/tex/latex/lm/omslmsy.fd
File: omslmsy.fd 2009/10/30 v1.6 Font defs for Latin Modern
)
LaTeX Font Info:    Try loading font information for OMX+lmex on input line 193
.

(c:/Users/laszlo/AppData/Roaming/TinyTeX/texmf-dist/tex/latex/lm/omxlmex.fd
File: omxlmex.fd 2009/10/30 v1.6 Font defs for Latin Modern
)
LaTeX Font Info:    External font `lmex10' loaded for size
(Font)              <10> on input line 193.
LaTeX Font Info:    External font `lmex10' loaded for size
(Font)              <7> on input line 193.
LaTeX Font Info:    External font `lmex10' loaded for size
(Font)              <5> on input line 193.
LaTeX Font Info:    Try loading font information for U+msa on input line 193.

(c:/Users/laszlo/AppData/Roaming/TinyTeX/texmf-dist/tex/latex/amsfonts/umsa.fd
File: umsa.fd 2013/01/14 v3.01 AMS symbols A
)
LaTeX Font Info:    Try loading font information for U+msb on input line 193.
(c:/Users/laszlo/AppData/Roaming/TinyTeX/texmf-dist/tex/latex/amsfonts/umsb.fd
File: umsb.fd 2013/01/14 v3.01 AMS symbols B
)

Package natbib Warning: Citation `pst15' on page 4 undefined on input line 197.


LaTeX Font Info:    External font `lmex10' loaded for size
(Font)              <8> on input line 199.
LaTeX Font Info:    External font `lmex10' loaded for size
(Font)              <6> on input line 199.
[4

]

Package natbib Warning: Citation `bg04' on page 5 undefined on input line 204.


Package natbib Warning: Citation `pst17L' on page 5 undefined on input line 205
.


Package natbib Warning: Citation `zitzewitz06' on page 5 undefined on input lin
e 232.


Package natbib Warning: Citation `hw05' on page 5 undefined on input line 233.


LaTeX Warning: Reference `fig:scandalFlows' on page 5 undefined on input line 2
38.


Package natbib Warning: Citation `knv16' on page 5 undefined on input line 288.



Package natbib Warning: Citation `pst17' on page 5 undefined on input line 291.


[5]

Package natbib Warning: Citation `mp13' on page 6 undefined on input line 307.


LaTeX Warning: Reference `sec:litReview' on page 6 undefined on input line 314.



LaTeX Warning: Reference `sec:model' on page 6 undefined on input line 315.


LaTeX Warning: Reference `sec:Data' on page 6 undefined on input line 317.


LaTeX Warning: Reference `sec:portfolio' on page 6 undefined on input line 318.



LaTeX Warning: Reference `sec:scandal' on page 6 undefined on input line 319.


LaTeX Warning: Reference `sec:conclusion' on page 6 undefined on input line 321
.

[6]
Chapter 2.

Package natbib Warning: Citation `pw08' on page 7 undefined on input line 329.


Package natbib Warning: Citation `pst17L' on page 7 undefined on input line 333
.


Package natbib Warning: Citation `ww11' on page 7 undefined on input line 342.


Package natbib Warning: Citation `pst15' on page 7 undefined on input line 344.



Package natbib Warning: Citation `hkp17' on page 7 undefined on input line 346.



Package natbib Warning: Citation `bg04' on page 7 undefined on input line 357.


Package natbib Warning: Citation `pst17L' on page 7 undefined on input line 357
.


Package natbib Warning: Citation `bcjt17' on page 7 undefined on input line 364
.


Package natbib Warning: Citation `cs07' on page 7 undefined on input line 364.


Package natbib Warning: Citation `kks12' on page 7 undefined on input line 364.



Package natbib Warning: Citation `lou12' on page 7 undefined on input line 364.



Package natbib Warning: Citation `ap14' on page 7 undefined on input line 364.


Package natbib Warning: Citation `blocher16' on page 7 undefined on input line 
364.


Package natbib Warning: Citation `mp02' on page 7 undefined on input line 367.


Package natbib Warning: Citation `chhk04' on page 7 undefined on input line 371
.


Package natbib Warning: Citation `rz15' on page 7 undefined on input line 372.


Package natbib Warning: Citation `pst15' on page 7 undefined on input line 375.



Package natbib Warning: Citation `mclemore16' on page 7 undefined on input line
 379.


Package natbib Warning: Citation `hl17' on page 7 undefined on input line 381.


Package natbib Warning: Citation `jensen68' on page 7 undefined on input line 3
88.


Package natbib Warning: Citation `malkiel95' on page 7 undefined on input line 
388.


Package natbib Warning: Citation `malkiel13' on page 7 undefined on input line 
388.


Package natbib Warning: Citation `gruber96' on page 7 undefined on input line 3
88.


Package natbib Warning: Citation `french08' on page 7 undefined on input line 3
88.


Package natbib Warning: Citation `ff10' on page 7 undefined on input line 388.


Package natbib Warning: Citation `bg04' on page 7 undefined on input line 392.


Package natbib Warning: Citation `ps12' on page 7 undefined on input line 392.

[7

] [8]
Chapter 3.

Package natbib Warning: Citation `bg04' on page 9 undefined on input line 408.


Package natbib Warning: Citation `pst17L' on page 9 undefined on input line 408
.


Package natbib Warning: Citation `bg04' on page 9 undefined on input line 410.


Package natbib Warning: Citation `bg04' on page 9 undefined on input line 444.

[9

]

LaTeX Warning: Reference `eq:FOC' on page 10 undefined on input line 471.


LaTeX Warning: Reference `eq:zeroAlpha' on page 10 undefined on input line 471.



Package natbib Warning: Citation `cp09' on page 10 undefined on input line 537.



Package natbib Warning: Citation `ksz05' on page 10 undefined on input line 537
.

[10]

Package natbib Warning: Citation `bg04' on page 11 undefined on input line 542.



Package natbib Warning: Citation `pst17L' on page 11 undefined on input line 54
4.


Package natbib Warning: Citation `pst17L' on page 11 undefined on input line 54
8.


Package natbib Warning: Citation `pst17L' on page 11 undefined on input line 59
4.

[11]
Chapter 4.

Package natbib Warning: Citation `cp09' on page 12 undefined on input line 630.



Package natbib Warning: Citation `petajisto13' on page 12 undefined on input li
ne 630.


LaTeX Warning: Reference `fig:sampleCompleteness' on page 12 undefined on input
 line 637.


Package natbib Warning: Citation `wermers00' on page 12 undefined on input line
 643.


Package natbib Warning: Citation `cx15' on page 12 undefined on input line 644.



Package natbib Warning: Citation `zhu17' on page 12 undefined on input line 649
.


Package natbib Warning: Citation `pst17' on page 12 undefined on input line 654
.


Package natbib Warning: Citation `ksz08' on page 12 undefined on input line 672
.

[12

]

Package natbib Warning: Citation `evans10' on page 13 undefined on input line 7
17.


LaTeX Warning: Reference `fig:rdateFreq' on page 13 undefined on input line 725
.

LaTeX Font Info:    External font `lmex10' loaded for size
(Font)              <14.4> on input line 748.

Package natbib Warning: Citation `ccp05' on page 13 undefined on input line 755
.

[13]

Package natbib Warning: Citation `blocher16' on page 14 undefined on input line
 774.


Package natbib Warning: Citation `hkp17' on page 14 undefined on input line 774
.


Package natbib Warning: Citation `lmn16' on page 14 undefined on input line 774
.


Package natbib Warning: Citation `pst17L' on page 14 undefined on input line 80
5.


LaTeX Warning: Reference `tab:sumStats' on page 14 undefined on input line 816.



LaTeX Warning: Reference `fig:histograms' on page 14 undefined on input line 81
8.


! LaTeX Error: File `04-data_files/figure-latex/histograms-1' not found.

See the LaTeX manual or LaTeX Companion for explanation.
Type  H <return>  for immediate help.
 ...                                              
                                                  
l.827 ...{04-data_files/figure-latex/histograms-1}
                                                  
I could not locate the file with any of these extensions:
.pdf,.PDF,.ai,.AI,.png,.PNG,.jpg,.JPG,.jpeg,.JPEG,.jp2,.JP2,.jpf,.JPF,.bmp,.BMP
,.ps,.PS,.eps,.EPS,.mps,.MPS,.pz,.eps.Z,.ps.Z,.ps.gz,.eps.gz
Try typing  <return>  to proceed.
If that doesn't work, type  X <return>  to quit.


LaTeX Warning: Reference `fig:industrySize' on page 14 undefined on input line 
836.


LaTeX Warning: Reference `fig:industrySize' on page 14 undefined on input line 
838.

[14]

LaTeX Warning: Reference `tab:correlations' on page 15 undefined on input line 
847.


Package natbib Warning: Citation `pst17L' on page 15 undefined on input line 87
2.

[15]
Chapter 5.

Package natbib Warning: Citation `pst15' on page 16 undefined on input line 883
.


Package natbib Warning: Citation `hkp17' on page 16 undefined on input line 885
.


LaTeX Warning: Reference `sec:CSandPerformance' on page 16 undefined on input l
ine 889.


Package natbib Warning: Citation `bg04' on page 16 undefined on input line 931.



Package natbib Warning: Citation `cp09' on page 16 undefined on input line 932.



Package natbib Warning: Citation `petajisto13' on page 16 undefined on input li
ne 933.


Package natbib Warning: Citation `cremers17' on page 16 undefined on input line
 938.


Package natbib Warning: Citation `pst17L' on page 16 undefined on input line 93
9.


LaTeX Warning: Reference `eq:csEQa' on page 16 undefined on input line 943.

[16

]

LaTeX Warning: Reference `eq:regCS' on page 17 undefined on input line 965.


LaTeX Warning: Reference `tab:fundResponse' on page 17 undefined on input line 
986.


Package natbib Warning: Citation `cp09' on page 17 undefined on input line 1034
.


Package natbib Warning: Citation `petajisto13' on page 17 undefined on input li
ne 1034.


Package natbib Warning: Citation `pst17L' on page 17 undefined on input line 10
34.


Overfull \hbox (5.40732pt too wide) in paragraph at lines 1034--1034
 []|$\OT1/lmr/m/n/7 ^^A [](\OML/lmm/m/it/7 TL[]\OT1/lmr/m/n/7 )$| 
 []


Overfull \hbox (12.0pt too wide) in alignment at lines 1034--1034
[][][][][][][][] 
 []


Package natbib Warning: Citation `pst17L' on page 17 undefined on input line 10
38.


Package natbib Warning: Citation `knv16' on page 17 undefined on input line 104
8.


Package natbib Warning: Citation `pst17' on page 17 undefined on input line 105
0.

[17] [18]
Chapter 6.

Package natbib Warning: Citation `hw05' on page 19 undefined on input line 1060
.


Package natbib Warning: Citation `zitzewitz06' on page 19 undefined on input li
ne 1060.


Package natbib Warning: Citation `hw05' on page 19 undefined on input line 1064
.


Package natbib Warning: Citation `mccabe08' on page 19 undefined on input line 
1064.


LaTeX Warning: Reference `fig:scandalFlows' on page 19 undefined on input line 
1066.


Package natbib Warning: Citation `hw05' on page 19 undefined on input line 1083
.


LaTeX Warning: Reference `tab:snapShot200308' on page 19 undefined on input lin
e 1083.


LaTeX Warning: File `06-scandal_files/figure-latex/scandalFlows-1.pdf' not foun
d on input line 1087.

! Unable to load picture or PDF file '06-scandal_files/figure-latex/scandalFlow
s-1.pdf'.
<to be read again> 
                   }
l.1087 ...l_files/figure-latex/scandalFlows-1.pdf}
                                                  
The requested image couldn't be read because
it was not a recognized image format.


! Package graphics Error: Division by 0.

See the graphics package documentation for explanation.
Type  H <return>  for immediate help.
 ...                                              
                                                  
l.1087 ...l_files/figure-latex/scandalFlows-1.pdf}
                                                  
Your command was ignored.
Type  I <command> <return>  to replace it with another command,
or  <return>  to continue without it.


! Package graphics Error: Division by 0.

See the graphics package documentation for explanation.
Type  H <return>  for immediate help.
 ...                                              
                                                  
l.1087 ...l_files/figure-latex/scandalFlows-1.pdf}
                                                  
Your command was ignored.
Type  I <command> <return>  to replace it with another command,
or  <return>  to continue without it.

File: 06-scandal_files/figure-latex/scandalFlows-1.pdf Graphic file (type pdf)
<use 06-scandal_files/figure-latex/scandalFlows-1.pdf>
! Unable to load picture or PDF file '06-scandal_files/figure-latex/scandalFlow
s-1.pdf'.
<to be read again> 
                   \GPT@clipend 
l.1087 ...l_files/figure-latex/scandalFlows-1.pdf}
                                                  
The requested image couldn't be read because
it was not a recognized image format.


Package natbib Warning: Citation `hw05' on page 19 undefined on input line 1095
.


Package natbib Warning: Citation `st98' on page 19 undefined on input line 1095
.


Package natbib Warning: Citation `hw05' on page 19 undefined on input line 1095
.


Package natbib Warning: Citation `st98' on page 19 undefined on input line 1095
.


Package natbib Warning: Citation `zitzewitz09' on page 19 undefined on input li
ne 1102.

[19

]

LaTeX Warning: Reference `tab:snapShotHL200308' on page 20 undefined on input l
ine 1162.


LaTeX Warning: Reference `fig:exposureDID' on page 20 undefined on input line 1
169.


LaTeX Warning: File `06-scandal_files/figure-latex/exposureDID-1.pdf' not found
 on input line 1185.

! Unable to load picture or PDF file '06-scandal_files/figure-latex/exposureDID
-1.pdf'.
<to be read again> 
                   }
l.1185 ...al_files/figure-latex/exposureDID-1.pdf}
                                                  
The requested image couldn't be read because
it was not a recognized image format.


! Package graphics Error: Division by 0.

See the graphics package documentation for explanation.
Type  H <return>  for immediate help.
 ...                                              
                                                  
l.1185 ...al_files/figure-latex/exposureDID-1.pdf}
                                                  
Your command was ignored.
Type  I <command> <return>  to replace it with another command,
or  <return>  to continue without it.


! Package graphics Error: Division by 0.

See the graphics package documentation for explanation.
Type  H <return>  for immediate help.
 ...                                              
                                                  
l.1185 ...al_files/figure-latex/exposureDID-1.pdf}
                                                  
Your command was ignored.
Type  I <command> <return>  to replace it with another command,
or  <return>  to continue without it.

File: 06-scandal_files/figure-latex/exposureDID-1.pdf Graphic file (type pdf)
<use 06-scandal_files/figure-latex/exposureDID-1.pdf>
! Unable to load picture or PDF file '06-scandal_files/figure-latex/exposureDID
-1.pdf'.
<to be read again> 
                   \GPT@clipend 
l.1185 ...al_files/figure-latex/exposureDID-1.pdf}
                                                  
The requested image couldn't be read because
it was not a recognized image format.


Package natbib Warning: Citation `hw05' on page 20 undefined on input line 1197
.


Package natbib Warning: Citation `hw05' on page 20 undefined on input line 1197
.

[20]
Overfull \hbox (4.36555pt too wide) in paragraph at lines 1298--1298
 []|$[]\OT1/lmr/m/n/7 (\OML/lmm/m/it/7 TL[]\OT1/lmr/m/n/7 )$| 
 []


Overfull \hbox (12.0pt too wide) in alignment at lines 1298--1298
[][][][][][][][][] 
 []


LaTeX Warning: Reference `tab:scandalSpillover' on page 21 undefined on input l
ine 1302.


LaTeX Warning: Reference `tab:scandalSpillover' on page 21 undefined on input l
ine 1330.


LaTeX Warning: Reference `tab:scandalSpilloverPreTrend' on page 21 undefined on
 input line 1332.

[21]

LaTeX Warning: Reference `fig:scandalOutFlow' on page 22 undefined on input lin
e 1378.


LaTeX Warning: File `06-scandal_files/figure-latex/scandalOutFlow-1.pdf' not fo
und on input line 1390.

! Unable to load picture or PDF file '06-scandal_files/figure-latex/scandalOutF
low-1.pdf'.
<to be read again> 
                   }
l.1390 ...files/figure-latex/scandalOutFlow-1.pdf}
                                                  
The requested image couldn't be read because
it was not a recognized image format.


! Package graphics Error: Division by 0.

See the graphics package documentation for explanation.
Type  H <return>  for immediate help.
 ...                                              
                                                  
l.1390 ...files/figure-latex/scandalOutFlow-1.pdf}
                                                  
Your command was ignored.
Type  I <command> <return>  to replace it with another command,
or  <return>  to continue without it.


! Package graphics Error: Division by 0.

See the graphics package documentation for explanation.
Type  H <return>  for immediate help.
 ...                                              
                                                  
l.1390 ...files/figure-latex/scandalOutFlow-1.pdf}
                                                  
Your command was ignored.
Type  I <command> <return>  to replace it with another command,
or  <return>  to continue without it.

File: 06-scandal_files/figure-latex/scandalOutFlow-1.pdf Graphic file (type pdf
)
<use 06-scandal_files/figure-latex/scandalOutFlow-1.pdf>
! Unable to load picture or PDF file '06-scandal_files/figure-latex/scandalOutF
low-1.pdf'.
<to be read again> 
                   \GPT@clipend 
l.1390 ...files/figure-latex/scandalOutFlow-1.pdf}
                                                  
The requested image couldn't be read because
it was not a recognized image format.


LaTeX Warning: Reference `eq:cohortReg' on page 22 undefined on input line 1396
.


LaTeX Warning: Reference `eq:scandalOutFlow' on page 22 undefined on input line
 1396.


LaTeX Warning: Reference `eq:cohortReg' on page 22 undefined on input line 1396
.


LaTeX Warning: Reference `eq:scandalOutFlow' on page 22 undefined on input line
 1396.


LaTeX Warning: Reference `tab:scandalSpilloverIV' on page 22 undefined on input
 line 1407.


Overfull \hbox (4.6058pt too wide) in paragraph at lines 1478--1478
 []|$[]\OT1/lmr/m/n/7 (\OML/lmm/m/it/7 TL[]\OT1/lmr/m/n/7 )$| 
 []


Overfull \hbox (12.0pt too wide) in alignment at lines 1478--1478
[][][][][][][][][] 
 []


LaTeX Warning: Reference `tab:scandal2SLS' on page 22 undefined on input line 1
494.


LaTeX Warning: Reference `tab:scandalSpilloverIV' on page 22 undefined on input
 line 1496.

[22]

LaTeX Warning: Reference `tab:scandalSpilloverMXBim' on page 23 undefined on in
put line 1507.


LaTeX Warning: Reference `tab:scandalSpilloverPreTrendMXBim' on page 23 undefin
ed on input line 1508.


LaTeX Warning: Reference `tab:scandalSpilloverIVMXBim' on page 23 undefined on 
input line 1509.


LaTeX Warning: Reference `tab:scandal2SLSmXbim' on page 23 undefined on input l
ine 1509.


LaTeX Warning: Reference `tab:scandalPerformance' on page 23 undefined on input
 line 1518.


Package natbib Warning: Citation `petajisto13' on page 23 undefined on input li
ne 1571.


Overfull \hbox (12.0pt too wide) in alignment at lines 1571--1571
[][][][][][][] 
 []


LaTeX Warning: Reference `tab:scandalFlow' on page 23 undefined on input line 1
580.

[23] [24] [25] [26]
Chapter 7.
[27

]
Appendix A.

Package natbib Warning: Citation `pst17L' on page 28 undefined on input line 16
56.


LaTeX Warning: Reference `sec:CompetitorSize' on page 28 undefined on input lin
e 1656.


Package natbib Warning: Citation `cp09' on page 28 undefined on input line 1656
.


Package natbib Warning: Citation `petajisto13' on page 28 undefined on input li
ne 1656.


Overfull \hbox (12.0pt too wide) in alignment at lines 1656--1656
[][][][][][][][][][][] 
 []


Overfull \hbox (9.2406pt too wide) in paragraph at lines 1695--1695
 []|$\OML/lmm/m/it/7 FundSize$|
 []


Overfull \hbox (13.85399pt too wide) in paragraph at lines 1695--1695
 []|$[]\OT1/lmr/m/n/7 (\OML/lmm/m/it/7 TL[]\OT1/lmr/m/n/7 )$|
 []


Overfull \hbox (12.0pt too wide) in alignment at lines 1695--1695
[][][][][][][][][][][] 
 []


LaTeX Warning: File `appendix-01-summary_files/figure-latex/sampleCompleteness-
1.pdf' not found on input line 1703.

! Unable to load picture or PDF file 'appendix-01-summary_files/figure-latex/sa
mpleCompleteness-1.pdf'.
<to be read again> 
                   }
l.1703 ...s/figure-latex/sampleCompleteness-1.pdf}
                                                  
The requested image couldn't be read because
it was not a recognized image format.


! Package graphics Error: Division by 0.

See the graphics package documentation for explanation.
Type  H <return>  for immediate help.
 ...                                              
                                                  
l.1703 ...s/figure-latex/sampleCompleteness-1.pdf}
                                                  
Your command was ignored.
Type  I <command> <return>  to replace it with another command,
or  <return>  to continue without it.


! Package graphics Error: Division by 0.

See the graphics package documentation for explanation.
Type  H <return>  for immediate help.
 ...                                              
                                                  
l.1703 ...s/figure-latex/sampleCompleteness-1.pdf}
                                                  
Your command was ignored.
Type  I <command> <return>  to replace it with another command,
or  <return>  to continue without it.

File: appendix-01-summary_files/figure-latex/sampleCompleteness-1.pdf Graphic f
ile (type pdf)
<use appendix-01-summary_files/figure-latex/sampleCompleteness-1.pdf>
! Unable to load picture or PDF file 'appendix-01-summary_files/figure-latex/sa
mpleCompleteness-1.pdf'.
<to be read again> 
                   \GPT@clipend 
l.1703 ...s/figure-latex/sampleCompleteness-1.pdf}
                                                  
The requested image couldn't be read because
it was not a recognized image format.


LaTeX Warning: File `appendix-01-summary_files/figure-latex/rdateFreq-1.pdf' no
t found on input line 1716.

! Unable to load picture or PDF file 'appendix-01-summary_files/figure-latex/rd
ateFreq-1.pdf'.
<to be read again> 
                   }
l.1716 ...mary_files/figure-latex/rdateFreq-1.pdf}
                                                  
The requested image couldn't be read because
it was not a recognized image format.


! Package graphics Error: Division by 0.

See the graphics package documentation for explanation.
Type  H <return>  for immediate help.
 ...                                              
                                                  
l.1716 ...mary_files/figure-latex/rdateFreq-1.pdf}
                                                  
Your command was ignored.
Type  I <command> <return>  to replace it with another command,
or  <return>  to continue without it.


! Package graphics Error: Division by 0.

See the graphics package documentation for explanation.
Type  H <return>  for immediate help.
 ...                                              
                                                  
l.1716 ...mary_files/figure-latex/rdateFreq-1.pdf}
                                                  
Your command was ignored.
Type  I <command> <return>  to replace it with another command,
or  <return>  to continue without it.

File: appendix-01-summary_files/figure-latex/rdateFreq-1.pdf Graphic file (type
 pdf)
<use appendix-01-summary_files/figure-latex/rdateFreq-1.pdf>
! Unable to load picture or PDF file 'appendix-01-summary_files/figure-latex/rd
ateFreq-1.pdf'.
<to be read again> 
                   \GPT@clipend 
l.1716 ...mary_files/figure-latex/rdateFreq-1.pdf}
                                                  
The requested image couldn't be read because
it was not a recognized image format.


LaTeX Warning: File `appendix-01-summary_files/figure-latex/industrySize-1.pdf'
 not found on input line 1723.

! Unable to load picture or PDF file 'appendix-01-summary_files/figure-latex/in
dustrySize-1.pdf'.
<to be read again> 
                   }
l.1723 ...y_files/figure-latex/industrySize-1.pdf}
                                                  
The requested image couldn't be read because
it was not a recognized image format.


! Package graphics Error: Division by 0.

See the graphics package documentation for explanation.
Type  H <return>  for immediate help.
 ...                                              
                                                  
l.1723 ...y_files/figure-latex/industrySize-1.pdf}
                                                  
Your command was ignored.
Type  I <command> <return>  to replace it with another command,
or  <return>  to continue without it.


! Package graphics Error: Division by 0.

See the graphics package documentation for explanation.
Type  H <return>  for immediate help.
 ...                                              
                                                  
l.1723 ...y_files/figure-latex/industrySize-1.pdf}
                                                  
Your command was ignored.
Type  I <command> <return>  to replace it with another command,
or  <return>  to continue without it.

File: appendix-01-summary_files/figure-latex/industrySize-1.pdf Graphic file (t
ype pdf)
<use appendix-01-summary_files/figure-latex/industrySize-1.pdf>
! Unable to load picture or PDF file 'appendix-01-summary_files/figure-latex/in
dustrySize-1.pdf'.
<to be read again> 
                   \GPT@clipend 
l.1723 ...y_files/figure-latex/industrySize-1.pdf}
                                                  
The requested image couldn't be read because
it was not a recognized image format.

[28

] [29]
Appendix B.

Package natbib Warning: Citation `bvb15' on page 30 undefined on input line 176
2.


Package natbib Warning: Citation `cpz12' on page 30 undefined on input line 176
7.


Package natbib Warning: Citation `pst15' on page 30 undefined on input line 177
3.

[30

]

Package natbib Warning: Citation `bbl17' on page 31 undefined on input line 180
9.


Package natbib Warning: Citation `chamberlain82' on page 31 undefined on input 
line 1853.


Package natbib Warning: Citation `hl17' on page 31 undefined on input line 1853
.


Package natbib Warning: Citation `pst15' on page 31 undefined on input line 185
3.


LaTeX Warning: Reference `tab:mainResults' on page 31 undefined on input line 1
878.


LaTeX Warning: Reference `eq:regSpec' on page 31 undefined on input line 1879.


Package natbib Warning: Citation `hl17' on page 31 undefined on input line 1893
.

[31]

LaTeX Warning: Reference `sec:CompetitorSize' on page 32 undefined on input lin
e 1918.


Overfull \hbox (12.0pt too wide) in alignment at lines 1918--1918
[][][][][] 
 []


Package natbib Warning: Citation `pst17L' on page 32 undefined on input line 19
48.

[32]

LaTeX Warning: Reference `tab:roleOfLiquidity' on page 33 undefined on input li
ne 1958.


LaTeX Warning: Reference `tab:mainResults' on page 33 undefined on input line 2
022.


Package natbib Warning: Citation `pst17L' on page 33 undefined on input line 20
22.


Overfull \hbox (12.0pt too wide) in alignment at lines 2022--2022
[][][][][][] 
 []


LaTeX Warning: Reference `eq:AvgLiqReg' on page 33 undefined on input line 2029
.


Underfull \vbox (badness 3128) has occurred while \output is active []

 [33]

LaTeX Warning: Reference `tab:roleOfLiquidity' on page 34 undefined on input li
ne 2040.


LaTeX Warning: Reference `sec:CompetitorSize' on page 34 undefined on input lin
e 2075.


Overfull \hbox (12.0pt too wide) in alignment at lines 2075--2075
[][][][][] 
 []


LaTeX Warning: Reference `tab:mainResults' on page 34 undefined on input line 2
126.


Package natbib Warning: Citation `pst17L' on page 34 undefined on input line 21
26.


Overfull \hbox (12.0pt too wide) in alignment at lines 2126--2126
[][][][][][] 
 []

[34] [35]
Appendix C.

Package natbib Warning: Citation `cp09' on page 36 undefined on input line 2164
.


Package natbib Warning: Citation `petajisto13' on page 36 undefined on input li
ne 2164.


Package natbib Warning: Citation `pst17L' on page 36 undefined on input line 21
64.


Package natbib Warning: Citation `petajisto13' on page 36 undefined on input li
ne 2164.


Overfull \hbox (8.99487pt too wide) in paragraph at lines 2164--2164
 []|$\OT1/lmr/m/n/7 ^^A [](\OML/lmm/m/it/7 TL[]\OT1/lmr/m/n/7 )$| 
 []


Overfull \hbox (12.0pt too wide) in alignment at lines 2164--2164
[][][][][][][][] 
 []


Package natbib Warning: Citation `cp09' on page 36 undefined on input line 2199
.


Package natbib Warning: Citation `petajisto13' on page 36 undefined on input li
ne 2199.


Package natbib Warning: Citation `pst17L' on page 36 undefined on input line 21
99.


Overfull \hbox (5.40732pt too wide) in paragraph at lines 2199--2199
 []|$\OT1/lmr/m/n/7 ^^A [](\OML/lmm/m/it/7 TL[]\OT1/lmr/m/n/7 )$| 
 []


Overfull \hbox (12.0pt too wide) in alignment at lines 2199--2199
[][][][][][][][] 
 []


Package natbib Warning: Citation `cp09' on page 36 undefined on input line 2234
.


Package natbib Warning: Citation `petajisto13' on page 36 undefined on input li
ne 2234.


Package natbib Warning: Citation `pst17L' on page 36 undefined on input line 22
34.


Package natbib Warning: Citation `petajisto13' on page 36 undefined on input li
ne 2234.


Overfull \hbox (8.99487pt too wide) in paragraph at lines 2234--2234
 []|$\OT1/lmr/m/n/7 ^^A [](\OML/lmm/m/it/7 TL[]\OT1/lmr/m/n/7 )$| 
 []


Overfull \hbox (12.0pt too wide) in alignment at lines 2234--2234
[][][][][][][][] 
 []

No file _main.bbl.

Package natbib Warning: There were undefined citations.

Package atveryend Info: Empty hook `BeforeClearDocument' on input line 2241.
[36

] [37]
Package atveryend Info: Empty hook `AfterLastShipout' on input line 2241.
 (./_main.aux)
Package atveryend Info: Empty hook `AtVeryEndDocument' on input line 2241.
Package atveryend Info: Empty hook `AtEndAfterFileList' on input line 2241.


LaTeX Warning: There were undefined references.


LaTeX Warning: Label(s) may have changed. Rerun to get cross-references right.

 ) 
Here is how much of TeX's memory you used:
 22645 strings out of 494988
 422292 string characters out of 6177154
 631044 words of memory out of 5000000
 26208 multiletter control sequences out of 15000+600000
 572732 words of font info for 80 fonts, out of 8000000 for 9000
 14 hyphenation exceptions out of 8191
 53i,15n,92p,10448b,483s stack positions out of 5000i,500n,10000p,200000b,80000s

Output written on _main.pdf (37 pages).
