\BOOKMARK [0][-]{chapter*.2}{Abstract}{}% 1
\BOOKMARK [0][-]{chapter.1}{Introduction}{}% 2
\BOOKMARK [0][-]{chapter.2}{Literature\040Review}{}% 3
\BOOKMARK [0][-]{chapter.3}{Theoretical\040Motivation}{}% 4
\BOOKMARK [1][-]{section.3.1}{Symmetric\040Information}{chapter.3}% 5
\BOOKMARK [1][-]{section.3.2}{Better\040Informed\040Managers}{chapter.3}% 6
\BOOKMARK [1][-]{section.3.3}{Similar\040Hypotheses\040Based\040on\040an\040Alternative\040Approach}{chapter.3}% 7
\BOOKMARK [0][-]{chapter.4}{Data}{}% 8
\BOOKMARK [1][-]{section.4.1}{Fund\040Selection}{chapter.4}% 9
\BOOKMARK [1][-]{section.4.2}{Portfolio\040Weights}{chapter.4}% 10
\BOOKMARK [1][-]{section.4.3}{CompetitorSize\040Variable}{chapter.4}% 11
\BOOKMARK [1][-]{section.4.4}{Portfolio\040Liquidity\040Variables}{chapter.4}% 12
\BOOKMARK [1][-]{section.4.5}{Summary\040Statistics}{chapter.4}% 13
\BOOKMARK [1][-]{section.4.6}{Correlations}{chapter.4}% 14
\BOOKMARK [0][-]{chapter.5}{Competition\040and\040Capital\040Allocation}{}% 15
\BOOKMARK [1][-]{section.5.1}{Decreasing\040Returns\040to\040Competitor\040Scale}{chapter.5}% 16
\BOOKMARK [1][-]{section.5.2}{Empirical\040Strategy}{chapter.5}% 17
\BOOKMARK [1][-]{section.5.3}{Results}{chapter.5}% 18
\BOOKMARK [0][-]{chapter.6}{Evidence\040From\040the\0402003\040Mutual\040Fund\040Scandal}{}% 19
\BOOKMARK [1][-]{section.6.1}{Before\040and\040After\040Analysis}{chapter.6}% 20
\BOOKMARK [1][-]{section.6.2}{Linking\040CompetitorSize\040Directly\040to\040Abnormal\040Flows}{chapter.6}% 21
\BOOKMARK [0][-]{chapter.7}{Conclusion}{}% 22
\BOOKMARK [0][-]{appendix.A}{Summary\040Statistics}{}% 23
\BOOKMARK [1][-]{section.A.1}{Tables}{appendix.A}% 24
\BOOKMARK [1][-]{section.A.2}{Figures}{appendix.A}% 25
\BOOKMARK [0][-]{appendix.B}{Competitor\040Size\040and\040Fund\040Performance}{}% 26
\BOOKMARK [1][-]{section.B.1}{Benchmarking\040Returns}{appendix.B}% 27
\BOOKMARK [1][-]{section.B.2}{Regression\040Setup}{appendix.B}% 28
\BOOKMARK [1][-]{section.B.3}{Results}{appendix.B}% 29
\BOOKMARK [1][-]{section.B.4}{The\040Role\040of\040Portfolio\040Liquidity}{appendix.B}% 30
\BOOKMARK [1][-]{section.B.5}{Results\040Using\040Pre-2008\040Data}{appendix.B}% 31
\BOOKMARK [0][-]{appendix.C}{Additional\040Results:\040Capital\040Allocation}{}% 32
\BOOKMARK [0][-]{appendix.D}{Additional\040Results:\040Mutual\040Fund\040Scandal}{}% 33
